<?xml version="1.0" encoding="UTF-8"?>
<!-- Generated by org.testng.reporters.JUnitReportReporter -->
<testsuite hostname="D-22" failures="0" tests="1" name="Demo.Test.test" time="6.702" errors="1" timestamp="2025-06-30T17:29:44 IST" skipped="0">
  <testcase classname="Demo.Test.test" name="demoTest" time="6.702">
    <error message="element click intercepted: Element &lt;div class=&quot;mf_select__option css-yt9ioa-option&quot; id=&quot;react-select-2-option-1&quot; tabindex=&quot;-1&quot;&gt;...&lt;/div&gt; is not clickable at point (1085, 9). Other element would receive the click: &lt;div class=&quot;elementor-element elementor-element-154a7c0 e-con-full e-flex e-con e-parent e-lazyloaded elementor-sticky elementor-sticky--active elementor-section--handles-inside elementor-sticky--effects&quot; data-id=&quot;154a7c0&quot; data-element_type=&quot;container&quot; data-settings=&quot;{&amp;quot;background_background&amp;quot;:&amp;quot;classic&amp;quot;,&amp;quot;motion_fx_motion_fx_scrolling&amp;quot;:&amp;quot;yes&amp;quot;,&amp;quot;sticky&amp;quot;:&amp;quot;top&amp;quot;,&amp;quot;motion_fx_devices&amp;quot;:[&amp;quot;desktop&amp;quot;,&amp;quot;tablet&amp;quot;,&amp;quot;mobile&amp;quot;],&amp;quot;sticky_on&amp;quot;:[&amp;quot;desktop&amp;quot;,&amp;quot;tablet&amp;quot;,&amp;quot;mobile&amp;quot;],&amp;quot;sticky_offset&amp;quot;:0,&amp;quot;sticky_effects_offset&amp;quot;:0,&amp;quot;sticky_anchor_link_offset&amp;quot;:0}&quot; style=&quot;position: fixed; width: 1351px; margin-top: 0px; margin-bottom: 0px; top: 0px;&quot;&gt;...&lt;/div&gt;
  (Session info: chrome=137.0.7151.104)
Build info: version: &#039;4.12.0&#039;, revision: &#039;249f2a7d1b*&#039;
System info: os.name: &#039;Windows 10&#039;, os.arch: &#039;amd64&#039;, os.version: &#039;10.0&#039;, java.version: &#039;21.0.1&#039;
Driver info: org.openqa.selenium.chrome.ChromeDriver
Command: [f2c2ae9e9a6dfd16d9c831332e48eb55, clickElement {id=f.1B32F6F815F0A03416CABC38E60D0CFD.d.7A9DC2D08ABB6CFC4F9BB6470DFFF3FC.e.94}]
Capabilities {acceptInsecureCerts: false, browserName: chrome, browserVersion: 137.0.7151.104, chrome: {chromedriverVersion: 137.0.7151.119 (e0ac9d12dff..., userDataDir: C:\Users\TESTRI~1\AppData\L...}, fedcm:accounts: true, goog:chromeOptions: {debuggerAddress: localhost:58277}, networkConnectionEnabled: false, pageLoadStrategy: normal, platformName: windows, proxy: Proxy(), se:cdp: ws://localhost:58277/devtoo..., se:cdpVersion: 137.0.7151.104, setWindowRect: true, strictFileInteractability: false, timeouts: {implicit: 0, pageLoad: 300000, script: 30000}, unhandledPromptBehavior: dismiss and notify, webauthn:extension:credBlob: true, webauthn:extension:largeBlob: true, webauthn:extension:minPinLength: true, webauthn:extension:prf: true, webauthn:virtualAuthenticators: true}
Element: [[ChromeDriver: chrome on windows (f2c2ae9e9a6dfd16d9c831332e48eb55)] -&gt; xpath: (//div[@class=&#039;mf_select__menu-list css-11unzgr&#039;]/div)[2]]
Session ID: f2c2ae9e9a6dfd16d9c831332e48eb55" type="org.openqa.selenium.ElementClickInterceptedException">
      <![CDATA[org.openqa.selenium.ElementClickInterceptedException: element click intercepted: Element <div class="mf_select__option css-yt9ioa-option" id="react-select-2-option-1" tabindex="-1">...</div> is not clickable at point (1085, 9). Other element would receive the click: <div class="elementor-element elementor-element-154a7c0 e-con-full e-flex e-con e-parent e-lazyloaded elementor-sticky elementor-sticky--active elementor-section--handles-inside elementor-sticky--effects" data-id="154a7c0" data-element_type="container" data-settings="{&quot;background_background&quot;:&quot;classic&quot;,&quot;motion_fx_motion_fx_scrolling&quot;:&quot;yes&quot;,&quot;sticky&quot;:&quot;top&quot;,&quot;motion_fx_devices&quot;:[&quot;desktop&quot;,&quot;tablet&quot;,&quot;mobile&quot;],&quot;sticky_on&quot;:[&quot;desktop&quot;,&quot;tablet&quot;,&quot;mobile&quot;],&quot;sticky_offset&quot;:0,&quot;sticky_effects_offset&quot;:0,&quot;sticky_anchor_link_offset&quot;:0}" style="position: fixed; width: 1351px; margin-top: 0px; margin-bottom: 0px; top: 0px;">...</div>
  (Session info: chrome=137.0.7151.104)
Build info: version: '4.12.0', revision: '249f2a7d1b*'
System info: os.name: 'Windows 10', os.arch: 'amd64', os.version: '10.0', java.version: '21.0.1'
Driver info: org.openqa.selenium.chrome.ChromeDriver
Command: [f2c2ae9e9a6dfd16d9c831332e48eb55, clickElement {id=f.1B32F6F815F0A03416CABC38E60D0CFD.d.7A9DC2D08ABB6CFC4F9BB6470DFFF3FC.e.94}]
Capabilities {acceptInsecureCerts: false, browserName: chrome, browserVersion: 137.0.7151.104, chrome: {chromedriverVersion: 137.0.7151.119 (e0ac9d12dff..., userDataDir: C:\Users\TESTRI~1\AppData\L...}, fedcm:accounts: true, goog:chromeOptions: {debuggerAddress: localhost:58277}, networkConnectionEnabled: false, pageLoadStrategy: normal, platformName: windows, proxy: Proxy(), se:cdp: ws://localhost:58277/devtoo..., se:cdpVersion: 137.0.7151.104, setWindowRect: true, strictFileInteractability: false, timeouts: {implicit: 0, pageLoad: 300000, script: 30000}, unhandledPromptBehavior: dismiss and notify, webauthn:extension:credBlob: true, webauthn:extension:largeBlob: true, webauthn:extension:minPinLength: true, webauthn:extension:prf: true, webauthn:virtualAuthenticators: true}
Element: [[ChromeDriver: chrome on windows (f2c2ae9e9a6dfd16d9c831332e48eb55)] -> xpath: (//div[@class='mf_select__menu-list css-11unzgr']/div)[2]]
Session ID: f2c2ae9e9a6dfd16d9c831332e48eb55
at java.base/jdk.internal.reflect.DirectConstructorHandleAccessor.newInstance(DirectConstructorHandleAccessor.java:62)
at java.base/java.lang.reflect.Constructor.newInstanceWithCaller(Constructor.java:502)
at java.base/java.lang.reflect.Constructor.newInstance(Constructor.java:486)
at org.openqa.selenium.remote.codec.w3c.W3CHttpResponseCodec.createException(W3CHttpResponseCodec.java:200)
at org.openqa.selenium.remote.codec.w3c.W3CHttpResponseCodec.decode(W3CHttpResponseCodec.java:133)
at org.openqa.selenium.remote.codec.w3c.W3CHttpResponseCodec.decode(W3CHttpResponseCodec.java:52)
at org.openqa.selenium.remote.HttpCommandExecutor.execute(HttpCommandExecutor.java:191)
at org.openqa.selenium.remote.service.DriverCommandExecutor.invokeExecute(DriverCommandExecutor.java:196)
at org.openqa.selenium.remote.service.DriverCommandExecutor.execute(DriverCommandExecutor.java:171)
at org.openqa.selenium.remote.RemoteWebDriver.execute(RemoteWebDriver.java:602)
at org.openqa.selenium.remote.RemoteWebElement.execute(RemoteWebElement.java:224)
at org.openqa.selenium.remote.RemoteWebElement.click(RemoteWebElement.java:77)
at Demo.Test.test.demoTest(test.java:60)
at java.base/jdk.internal.reflect.DirectMethodHandleAccessor.invoke(DirectMethodHandleAccessor.java:103)
at java.base/java.lang.reflect.Method.invoke(Method.java:580)
at org.testng.internal.invokers.MethodInvocationHelper.invokeMethod(MethodInvocationHelper.java:141)
at org.testng.internal.invokers.TestInvoker.invokeMethod(TestInvoker.java:686)
at org.testng.internal.invokers.TestInvoker.invokeTestMethod(TestInvoker.java:230)
at org.testng.internal.invokers.MethodRunner.runInSequence(MethodRunner.java:63)
at org.testng.internal.invokers.TestInvoker$MethodInvocationAgent.invoke(TestInvoker.java:992)
at org.testng.internal.invokers.TestInvoker.invokeTestMethods(TestInvoker.java:203)
at org.testng.internal.invokers.TestMethodWorker.invokeTestMethods(TestMethodWorker.java:154)
at org.testng.internal.invokers.TestMethodWorker.run(TestMethodWorker.java:134)
at java.base/java.util.ArrayList.forEach(ArrayList.java:1596)
at org.testng.TestRunner.privateRun(TestRunner.java:739)
at org.testng.TestRunner.run(TestRunner.java:614)
at org.testng.SuiteRunner.runTest(SuiteRunner.java:421)
at org.testng.SuiteRunner.runSequentially(SuiteRunner.java:413)
at org.testng.SuiteRunner.privateRun(SuiteRunner.java:373)
at org.testng.SuiteRunner.run(SuiteRunner.java:312)
at org.testng.SuiteRunnerWorker.runSuite(SuiteRunnerWorker.java:52)
at org.testng.SuiteRunnerWorker.run(SuiteRunnerWorker.java:95)
at org.testng.TestNG.runSuitesSequentially(TestNG.java:1274)
at org.testng.TestNG.runSuitesLocally(TestNG.java:1208)
at org.testng.TestNG.runSuites(TestNG.java:1112)
at org.testng.TestNG.run(TestNG.java:1079)
at org.testng.remote.AbstractRemoteTestNG.run(AbstractRemoteTestNG.java:115)
at org.testng.remote.RemoteTestNG.initAndRun(RemoteTestNG.java:293)
at org.testng.remote.RemoteTestNG.main(RemoteTestNG.java:91)
]]>
    </error>
  </testcase> <!-- demoTest -->
</testsuite> <!-- Demo.Test.test -->
